# JRE version: OpenJDK Runtime Environment (8.0_242-b01) (build 1.8.0_242-release-1644-b01)
# Java VM: OpenJDK 64-Bit Server VM (25.242-b01 mixed mode windows-amd64 compressed oops)
Heap:
 PSYoungGen      total 373248K, used 277570K [0x00000000d5580000, 0x00000000fbc00000, 0x0000000100000000)
  eden space 347136K, 75% used [0x00000000d5580000,0x00000000e561fe28,0x00000000ea880000)
  from space 26112K, 56% used [0x00000000ea880000,0x00000000eb6f0d40,0x00000000ec200000)
  to   space 50688K, 0% used [0x00000000f8a80000,0x00000000f8a80000,0x00000000fbc00000)
 ParOldGen       total 96256K, used 96233K [0x0000000080000000, 0x0000000085e00000, 0x00000000d5580000)
  object space 96256K, 99% used [0x0000000080000000,0x0000000085dfa450,0x0000000085e00000)
 Metaspace       used 78980K, capacity 82538K, committed 82712K, reserved 1120256K
  class space    used 10814K, capacity 11528K, committed 11552K, reserved 1048576K
GC Heap History (10 events):
Event: 44.509 GC heap before
{Heap before GC invocations=13 (full 2):
 PSYoungGen      total 242176K, used 20497K [0x00000000d5580000, 0x00000000e6000000, 0x0000000100000000)
  eden space 225792K, 1% used [0x00000000d5580000,0x00000000d5989448,0x00000000e3200000)
  from space 16384K, 99% used [0x00000000e4880000,0x00000000e587b330,0x00000000e5880000)
  to   space 23040K, 0% used [0x00000000e3200000,0x00000000e3200000,0x00000000e4880000)
 ParOldGen       total 61952K, used 28596K [0x0000000080000000, 0x0000000083c80000, 0x00000000d5580000)
  object space 61952K, 46% used [0x0000000080000000,0x0000000081bed228,0x0000000083c80000)
 Metaspace       used 56889K, capacity 59074K, committed 59160K, reserved 1099776K
  class space    used 7679K, capacity 8140K, committed 8224K, reserved 1048576K
Event: 44.531 GC heap after
Heap after GC invocations=13 (full 2):
 PSYoungGen      total 248832K, used 224K [0x00000000d5580000, 0x00000000eda80000, 0x0000000100000000)
  eden space 225792K, 0% used [0x00000000d5580000,0x00000000d5580000,0x00000000e3200000)
  from space 23040K, 0% used [0x00000000e3200000,0x00000000e3238000,0x00000000e4880000)
  to   space 23552K, 0% used [0x00000000ec380000,0x00000000ec380000,0x00000000eda80000)
 ParOldGen       total 61952K, used 45060K [0x0000000080000000, 0x0000000083c80000, 0x00000000d5580000)
  object space 61952K, 72% used [0x0000000080000000,0x0000000082c01188,0x0000000083c80000)
 Metaspace       used 56889K, capacity 59074K, committed 59160K, reserved 1099776K
  class space    used 7679K, capacity 8140K, committed 8224K, reserved 1048576K
}
Event: 44.532 GC heap before
{Heap before GC invocations=14 (full 3):
 PSYoungGen      total 248832K, used 224K [0x00000000d5580000, 0x00000000eda80000, 0x0000000100000000)
  eden space 225792K, 0% used [0x00000000d5580000,0x00000000d5580000,0x00000000e3200000)
  from space 23040K, 0% used [0x00000000e3200000,0x00000000e3238000,0x00000000e4880000)
  to   space 23552K, 0% used [0x00000000ec380000,0x00000000ec380000,0x00000000eda80000)
 ParOldGen       total 61952K, used 45060K [0x0000000080000000, 0x0000000083c80000, 0x00000000d5580000)
  object space 61952K, 72% used [0x0000000080000000,0x0000000082c01188,0x0000000083c80000)
 Metaspace       used 56889K, capacity 59074K, committed 59160K, reserved 1099776K
  class space    used 7679K, capacity 8140K, committed 8224K, reserved 1048576K
Event: 45.031 GC heap after
Heap after GC invocations=14 (full 3):
 PSYoungGen      total 248832K, used 0K [0x00000000d5580000, 0x00000000eda80000, 0x0000000100000000)
  eden space 225792K, 0% used [0x00000000d5580000,0x00000000d5580000,0x00000000e3200000)
  from space 23040K, 0% used [0x00000000e3200000,0x00000000e3200000,0x00000000e4880000)
  to   space 23552K, 0% used [0x00000000ec380000,0x00000000ec380000,0x00000000eda80000)
 ParOldGen       total 96256K, used 40899K [0x0000000080000000, 0x0000000085e00000, 0x00000000d5580000)
  object space 96256K, 42% used [0x0000000080000000,0x00000000827f0d30,0x0000000085e00000)
 Metaspace       used 56885K, capacity 59062K, committed 59160K, reserved 1099776K
  class space    used 7677K, capacity 8138K, committed 8224K, reserved 1048576K
}
Event: 59.004 GC heap before
{Heap before GC invocations=15 (full 3):
 PSYoungGen      total 248832K, used 225792K [0x00000000d5580000, 0x00000000eda80000, 0x0000000100000000)
  eden space 225792K, 100% used [0x00000000d5580000,0x00000000e3200000,0x00000000e3200000)
  from space 23040K, 0% used [0x00000000e3200000,0x00000000e3200000,0x00000000e4880000)
  to   space 23552K, 0% used [0x00000000ec380000,0x00000000ec380000,0x00000000eda80000)
 ParOldGen       total 96256K, used 40899K [0x0000000080000000, 0x0000000085e00000, 0x00000000d5580000)
  object space 96256K, 42% used [0x0000000080000000,0x00000000827f0d30,0x0000000085e00000)
 Metaspace       used 66934K, capacity 69908K, committed 70168K, reserved 1110016K
  class space    used 9147K, capacity 9715K, committed 9760K, reserved 1048576K
Event: 59.041 GC heap after
Heap after GC invocations=15 (full 3):
 PSYoungGen      total 370688K, used 20260K [0x00000000d5580000, 0x00000000edb80000, 0x0000000100000000)
  eden space 347136K, 0% used [0x00000000d5580000,0x00000000d5580000,0x00000000ea880000)
  from space 23552K, 86% used [0x00000000ec380000,0x00000000ed7493c8,0x00000000eda80000)
  to   space 26112K, 0% used [0x00000000ea880000,0x00000000ea880000,0x00000000ec200000)
 ParOldGen       total 96256K, used 40907K [0x0000000080000000, 0x0000000085e00000, 0x00000000d5580000)
  object space 96256K, 42% used [0x0000000080000000,0x00000000827f2d30,0x0000000085e00000)
 Metaspace       used 66934K, capacity 69908K, committed 70168K, reserved 1110016K
  class space    used 9147K, capacity 9715K, committed 9760K, reserved 1048576K
}
Event: 76.336 GC heap before
{Heap before GC invocations=16 (full 3):
 PSYoungGen      total 370688K, used 367396K [0x00000000d5580000, 0x00000000edb80000, 0x0000000100000000)
  eden space 347136K, 100% used [0x00000000d5580000,0x00000000ea880000,0x00000000ea880000)
  from space 23552K, 86% used [0x00000000ec380000,0x00000000ed7493c8,0x00000000eda80000)
  to   space 26112K, 0% used [0x00000000ea880000,0x00000000ea880000,0x00000000ec200000)
 ParOldGen       total 96256K, used 40907K [0x0000000080000000, 0x0000000085e00000, 0x00000000d5580000)
  object space 96256K, 42% used [0x0000000080000000,0x00000000827f2d30,0x0000000085e00000)
 Metaspace       used 75511K, capacity 79092K, committed 79256K, reserved 1118208K
  class space    used 10392K, capacity 11079K, committed 11168K, reserved 1048576K
Event: 76.548 GC heap after
Heap after GC invocations=16 (full 3):
 PSYoungGen      total 373248K, used 26101K [0x00000000d5580000, 0x00000000fbc00000, 0x0000000100000000)
  eden space 347136K, 0% used [0x00000000d5580000,0x00000000d5580000,0x00000000ea880000)
  from space 26112K, 99% used [0x00000000ea880000,0x00000000ec1fd628,0x00000000ec200000)
  to   space 50688K, 0% used [0x00000000f8a80000,0x00000000f8a80000,0x00000000fbc00000)
 ParOldGen       total 96256K, used 96105K [0x0000000080000000, 0x0000000085e00000, 0x00000000d5580000)
  object space 96256K, 99% used [0x0000000080000000,0x0000000085dda6a8,0x0000000085e00000)
 Metaspace       used 75511K, capacity 79092K, committed 79256K, reserved 1118208K
  class space    used 10392K, capacity 11079K, committed 11168K, reserved 1048576K
}
Event: 76.548 GC heap before
{Heap before GC invocations=17 (full 4):
 PSYoungGen      total 373248K, used 26101K [0x00000000d5580000, 0x00000000fbc00000, 0x0000000100000000)
  eden space 347136K, 0% used [0x00000000d5580000,0x00000000d5580000,0x00000000ea880000)
  from space 26112K, 99% used [0x00000000ea880000,0x00000000ec1fd628,0x00000000ec200000)
  to   space 50688K, 0% used [0x00000000f8a80000,0x00000000f8a80000,0x00000000fbc00000)
 ParOldGen       total 96256K, used 96105K [0x0000000080000000, 0x0000000085e00000, 0x00000000d5580000)
  object space 96256K, 99% used [0x0000000080000000,0x0000000085dda6a8,0x0000000085e00000)
 Metaspace       used 75511K, capacity 79092K, committed 79256K, reserved 1118208K
  class space    used 10392K, capacity 11079K, committed 11168K, reserved 1048576K
Event: 77.478 GC heap after
Heap after GC invocations=17 (full 4):
 PSYoungGen      total 373248K, used 14787K [0x00000000d5580000, 0x00000000fbc00000, 0x0000000100000000)
  eden space 347136K, 0% used [0x00000000d5580000,0x00000000d5580000,0x00000000ea880000)
  from space 26112K, 56% used [0x00000000ea880000,0x00000000eb6f0d40,0x00000000ec200000)
  to   space 50688K, 0% used [0x00000000f8a80000,0x00000000f8a80000,0x00000000fbc00000)
 ParOldGen       total 96256K, used 96233K [0x0000000080000000, 0x0000000085e00000, 0x00000000d5580000)
  object space 96256K, 99% used [0x0000000080000000,0x0000000085dfa450,0x0000000085e00000)
 Metaspace       used 75377K, capacity 78712K, committed 79256K, reserved 1118208K
  class space    used 10348K, capacity 11001K, committed 11168K, reserved 1048576K
}

