# JRE version: OpenJDK Runtime Environment (8.0_242-b01) (build 1.8.0_242-release-1644-b01)
# Java VM: OpenJDK 64-Bit Server VM (25.242-b01 mixed mode windows-amd64 compressed oops)
Heap:
 PSYoungGen      total 321536K, used 244539K [0x00000000d5580000, 0x00000000ed780000, 0x0000000100000000)
  eden space 290304K, 78% used [0x00000000d5580000,0x00000000e3563da0,0x00000000e7100000)
  from space 31232K, 48% used [0x00000000e7100000,0x00000000e7feb170,0x00000000e8f80000)
  to   space 30720K, 0% used [0x00000000eb980000,0x00000000eb980000,0x00000000ed780000)
 ParOldGen       total 96256K, used 73045K [0x0000000080000000, 0x0000000085e00000, 0x00000000d5580000)
  object space 96256K, 75% used [0x0000000080000000,0x0000000084755770,0x0000000085e00000)
 Metaspace       used 90622K, capacity 96194K, committed 96536K, reserved 1132544K
  class space    used 12241K, capacity 13236K, committed 13344K, reserved 1048576K
GC Heap History (10 events):
Event: 23.484 GC heap before
{Heap before GC invocations=16 (full 3):
 PSYoungGen      total 200704K, used 6573K [0x00000000d5580000, 0x00000000e6080000, 0x0000000100000000)
  eden space 181248K, 0% used [0x00000000d5580000,0x00000000d5580000,0x00000000e0680000)
  from space 19456K, 33% used [0x00000000e0680000,0x00000000e0ceb680,0x00000000e1980000)
  to   space 18432K, 0% used [0x00000000e4e80000,0x00000000e4e80000,0x00000000e6080000)
 ParOldGen       total 60416K, used 35255K [0x0000000080000000, 0x0000000083b00000, 0x00000000d5580000)
  object space 60416K, 58% used [0x0000000080000000,0x000000008226dd38,0x0000000083b00000)
 Metaspace       used 56837K, capacity 59034K, committed 59160K, reserved 1099776K
  class space    used 7678K, capacity 8144K, committed 8224K, reserved 1048576K
Event: 23.780 GC heap after
Heap after GC invocations=16 (full 3):
 PSYoungGen      total 200704K, used 0K [0x00000000d5580000, 0x00000000e6080000, 0x0000000100000000)
  eden space 181248K, 0% used [0x00000000d5580000,0x00000000d5580000,0x00000000e0680000)
  from space 19456K, 0% used [0x00000000e0680000,0x00000000e0680000,0x00000000e1980000)
  to   space 18432K, 0% used [0x00000000e4e80000,0x00000000e4e80000,0x00000000e6080000)
 ParOldGen       total 96256K, used 34174K [0x0000000080000000, 0x0000000085e00000, 0x00000000d5580000)
  object space 96256K, 35% used [0x0000000080000000,0x000000008215fab8,0x0000000085e00000)
 Metaspace       used 56825K, capacity 58992K, committed 59160K, reserved 1099776K
  class space    used 7674K, capacity 8137K, committed 8224K, reserved 1048576K
}
Event: 32.958 GC heap before
{Heap before GC invocations=17 (full 3):
 PSYoungGen      total 200704K, used 181248K [0x00000000d5580000, 0x00000000e6080000, 0x0000000100000000)
  eden space 181248K, 100% used [0x00000000d5580000,0x00000000e0680000,0x00000000e0680000)
  from space 19456K, 0% used [0x00000000e0680000,0x00000000e0680000,0x00000000e1980000)
  to   space 18432K, 0% used [0x00000000e4e80000,0x00000000e4e80000,0x00000000e6080000)
 ParOldGen       total 96256K, used 34174K [0x0000000080000000, 0x0000000085e00000, 0x00000000d5580000)
  object space 96256K, 35% used [0x0000000080000000,0x000000008215fab8,0x0000000085e00000)
 Metaspace       used 66373K, capacity 69512K, committed 69784K, reserved 1110016K
  class space    used 9125K, capacity 9777K, committed 9888K, reserved 1048576K
Event: 32.988 GC heap after
Heap after GC invocations=17 (full 3):
 PSYoungGen      total 246272K, used 17606K [0x00000000d5580000, 0x00000000e6000000, 0x0000000100000000)
  eden space 228352K, 0% used [0x00000000d5580000,0x00000000d5580000,0x00000000e3480000)
  from space 17920K, 98% used [0x00000000e4e80000,0x00000000e5fb1a00,0x00000000e6000000)
  to   space 20992K, 0% used [0x00000000e3700000,0x00000000e3700000,0x00000000e4b80000)
 ParOldGen       total 96256K, used 34182K [0x0000000080000000, 0x0000000085e00000, 0x00000000d5580000)
  object space 96256K, 35% used [0x0000000080000000,0x0000000082161ab8,0x0000000085e00000)
 Metaspace       used 66373K, capacity 69512K, committed 69784K, reserved 1110016K
  class space    used 9125K, capacity 9777K, committed 9888K, reserved 1048576K
}
Event: 40.618 GC heap before
{Heap before GC invocations=18 (full 3):
 PSYoungGen      total 246272K, used 245958K [0x00000000d5580000, 0x00000000e6000000, 0x0000000100000000)
  eden space 228352K, 100% used [0x00000000d5580000,0x00000000e3480000,0x00000000e3480000)
  from space 17920K, 98% used [0x00000000e4e80000,0x00000000e5fb1a00,0x00000000e6000000)
  to   space 20992K, 0% used [0x00000000e3700000,0x00000000e3700000,0x00000000e4b80000)
 ParOldGen       total 96256K, used 34182K [0x0000000080000000, 0x0000000085e00000, 0x00000000d5580000)
  object space 96256K, 35% used [0x0000000080000000,0x0000000082161ab8,0x0000000085e00000)
 Metaspace       used 71347K, capacity 74636K, committed 74776K, reserved 1114112K
  class space    used 9620K, capacity 10271K, committed 10272K, reserved 1048576K
Event: 40.822 GC heap after
Heap after GC invocations=18 (full 3):
 PSYoungGen      total 251904K, used 20983K [0x00000000d5580000, 0x00000000eb200000, 0x0000000100000000)
  eden space 230912K, 0% used [0x00000000d5580000,0x00000000d5580000,0x00000000e3700000)
  from space 20992K, 99% used [0x00000000e3700000,0x00000000e4b7dd70,0x00000000e4b80000)
  to   space 31232K, 0% used [0x00000000e9380000,0x00000000e9380000,0x00000000eb200000)
 ParOldGen       total 96256K, used 53417K [0x0000000080000000, 0x0000000085e00000, 0x00000000d5580000)
  object space 96256K, 55% used [0x0000000080000000,0x000000008342a7e8,0x0000000085e00000)
 Metaspace       used 71347K, capacity 74636K, committed 74776K, reserved 1114112K
  class space    used 9620K, capacity 10271K, committed 10272K, reserved 1048576K
}
Event: 57.958 GC heap before
{Heap before GC invocations=19 (full 3):
 PSYoungGen      total 251904K, used 251895K [0x00000000d5580000, 0x00000000eb200000, 0x0000000100000000)
  eden space 230912K, 100% used [0x00000000d5580000,0x00000000e3700000,0x00000000e3700000)
  from space 20992K, 99% used [0x00000000e3700000,0x00000000e4b7dd70,0x00000000e4b80000)
  to   space 31232K, 0% used [0x00000000e9380000,0x00000000e9380000,0x00000000eb200000)
 ParOldGen       total 96256K, used 53417K [0x0000000080000000, 0x0000000085e00000, 0x00000000d5580000)
  object space 96256K, 55% used [0x0000000080000000,0x000000008342a7e8,0x0000000085e00000)
 Metaspace       used 79866K, capacity 83390K, committed 83480K, reserved 1122304K
  class space    used 10609K, capacity 11276K, committed 11296K, reserved 1048576K
Event: 58.037 GC heap after
Heap after GC invocations=19 (full 3):
 PSYoungGen      total 317440K, used 17387K [0x00000000d5580000, 0x00000000eae00000, 0x0000000100000000)
  eden space 290304K, 0% used [0x00000000d5580000,0x00000000d5580000,0x00000000e7100000)
  from space 27136K, 64% used [0x00000000e9380000,0x00000000ea47aeb8,0x00000000eae00000)
  to   space 31232K, 0% used [0x00000000e7100000,0x00000000e7100000,0x00000000e8f80000)
 ParOldGen       total 96256K, used 73037K [0x0000000080000000, 0x0000000085e00000, 0x00000000d5580000)
  object space 96256K, 75% used [0x0000000080000000,0x0000000084753770,0x0000000085e00000)
 Metaspace       used 79866K, capacity 83390K, committed 83480K, reserved 1122304K
  class space    used 10609K, capacity 11276K, committed 11296K, reserved 1048576K
}
Event: 68.832 GC heap before
{Heap before GC invocations=20 (full 3):
 PSYoungGen      total 317440K, used 307691K [0x00000000d5580000, 0x00000000eae00000, 0x0000000100000000)
  eden space 290304K, 100% used [0x00000000d5580000,0x00000000e7100000,0x00000000e7100000)
  from space 27136K, 64% used [0x00000000e9380000,0x00000000ea47aeb8,0x00000000eae00000)
  to   space 31232K, 0% used [0x00000000e7100000,0x00000000e7100000,0x00000000e8f80000)
 ParOldGen       total 96256K, used 73037K [0x0000000080000000, 0x0000000085e00000, 0x00000000d5580000)
  object space 96256K, 75% used [0x0000000080000000,0x0000000084753770,0x0000000085e00000)
 Metaspace       used 80764K, capacity 84352K, committed 84632K, reserved 1122304K
  class space    used 10704K, capacity 11357K, committed 11424K, reserved 1048576K
Event: 68.863 GC heap after
Heap after GC invocations=20 (full 3):
 PSYoungGen      total 321536K, used 15276K [0x00000000d5580000, 0x00000000ed780000, 0x0000000100000000)
  eden space 290304K, 0% used [0x00000000d5580000,0x00000000d5580000,0x00000000e7100000)
  from space 31232K, 48% used [0x00000000e7100000,0x00000000e7feb170,0x00000000e8f80000)
  to   space 30720K, 0% used [0x00000000eb980000,0x00000000eb980000,0x00000000ed780000)
 ParOldGen       total 96256K, used 73045K [0x0000000080000000, 0x0000000085e00000, 0x00000000d5580000)
  object space 96256K, 75% used [0x0000000080000000,0x0000000084755770,0x0000000085e00000)
 Metaspace       used 80764K, capacity 84352K, committed 84632K, reserved 1122304K
  class space    used 10704K, capacity 11357K, committed 11424K, reserved 1048576K
}

