# JRE version: OpenJDK Runtime Environment (8.0_242-b01) (build 1.8.0_242-release-1644-b01)
# Java VM: OpenJDK 64-Bit Server VM (25.242-b01 mixed mode windows-amd64 compressed oops)
Heap:
 PSYoungGen      total 53248K, used 22364K [0x00000000e0800000, 0x00000000e7000000, 0x0000000100000000)
  eden space 49152K, 45% used [0x00000000e0800000,0x00000000e1dd71d0,0x00000000e3800000)
  from space 4096K, 0% used [0x00000000e3800000,0x00000000e3800000,0x00000000e3c00000)
  to   space 4096K, 0% used [0x00000000e6c00000,0x00000000e6c00000,0x00000000e7000000)
 ParOldGen       total 65536K, used 25142K [0x00000000a1800000, 0x00000000a5800000, 0x00000000e0800000)
  object space 65536K, 38% used [0x00000000a1800000,0x00000000a308d840,0x00000000a5800000)
 Metaspace       used 25030K, capacity 25604K, committed 25728K, reserved 1071104K
  class space    used 3200K, capacity 3378K, committed 3456K, reserved 1048576K
GC Heap History (8 events):
Event: 0.750 GC heap before
{Heap before GC invocations=1 (full 0):
 PSYoungGen      total 28672K, used 24576K [0x00000000e0800000, 0x00000000e2800000, 0x0000000100000000)
  eden space 24576K, 100% used [0x00000000e0800000,0x00000000e2000000,0x00000000e2000000)
  from space 4096K, 0% used [0x00000000e2400000,0x00000000e2400000,0x00000000e2800000)
  to   space 4096K, 0% used [0x00000000e2000000,0x00000000e2000000,0x00000000e2400000)
 ParOldGen       total 65536K, used 0K [0x00000000a1800000, 0x00000000a5800000, 0x00000000e0800000)
  object space 65536K, 0% used [0x00000000a1800000,0x00000000a1800000,0x00000000a5800000)
 Metaspace       used 8720K, capacity 9130K, committed 9216K, reserved 1056768K
  class space    used 894K, capacity 987K, committed 1024K, reserved 1048576K
Event: 0.758 GC heap after
Heap after GC invocations=1 (full 0):
 PSYoungGen      total 28672K, used 4075K [0x00000000e0800000, 0x00000000e4000000, 0x0000000100000000)
  eden space 24576K, 0% used [0x00000000e0800000,0x00000000e0800000,0x00000000e2000000)
  from space 4096K, 99% used [0x00000000e2000000,0x00000000e23facc0,0x00000000e2400000)
  to   space 4096K, 0% used [0x00000000e3c00000,0x00000000e3c00000,0x00000000e4000000)
 ParOldGen       total 65536K, used 1439K [0x00000000a1800000, 0x00000000a5800000, 0x00000000e0800000)
  object space 65536K, 2% used [0x00000000a1800000,0x00000000a1967ff8,0x00000000a5800000)
 Metaspace       used 8720K, capacity 9130K, committed 9216K, reserved 1056768K
  class space    used 894K, capacity 987K, committed 1024K, reserved 1048576K
}
Event: 1.394 GC heap before
{Heap before GC invocations=2 (full 0):
 PSYoungGen      total 28672K, used 28651K [0x00000000e0800000, 0x00000000e4000000, 0x0000000100000000)
  eden space 24576K, 100% used [0x00000000e0800000,0x00000000e2000000,0x00000000e2000000)
  from space 4096K, 99% used [0x00000000e2000000,0x00000000e23facc0,0x00000000e2400000)
  to   space 4096K, 0% used [0x00000000e3c00000,0x00000000e3c00000,0x00000000e4000000)
 ParOldGen       total 65536K, used 1439K [0x00000000a1800000, 0x00000000a5800000, 0x00000000e0800000)
  object space 65536K, 2% used [0x00000000a1800000,0x00000000a1967ff8,0x00000000a5800000)
 Metaspace       used 12077K, capacity 12314K, committed 12416K, reserved 1060864K
  class space    used 1305K, capacity 1387K, committed 1408K, reserved 1048576K
Event: 1.406 GC heap after
Heap after GC invocations=2 (full 0):
 PSYoungGen      total 53248K, used 4064K [0x00000000e0800000, 0x00000000e4000000, 0x0000000100000000)
  eden space 49152K, 0% used [0x00000000e0800000,0x00000000e0800000,0x00000000e3800000)
  from space 4096K, 99% used [0x00000000e3c00000,0x00000000e3ff82e8,0x00000000e4000000)
  to   space 4096K, 0% used [0x00000000e3800000,0x00000000e3800000,0x00000000e3c00000)
 ParOldGen       total 65536K, used 4626K [0x00000000a1800000, 0x00000000a5800000, 0x00000000e0800000)
  object space 65536K, 7% used [0x00000000a1800000,0x00000000a1c84a28,0x00000000a5800000)
 Metaspace       used 12077K, capacity 12314K, committed 12416K, reserved 1060864K
  class space    used 1305K, capacity 1387K, committed 1408K, reserved 1048576K
}
Event: 2.374 GC heap before
{Heap before GC invocations=3 (full 0):
 PSYoungGen      total 53248K, used 53073K [0x00000000e0800000, 0x00000000e4000000, 0x0000000100000000)
  eden space 49152K, 99% used [0x00000000e0800000,0x00000000e37dc120,0x00000000e3800000)
  from space 4096K, 99% used [0x00000000e3c00000,0x00000000e3ff82e8,0x00000000e4000000)
  to   space 4096K, 0% used [0x00000000e3800000,0x00000000e3800000,0x00000000e3c00000)
 ParOldGen       total 65536K, used 4626K [0x00000000a1800000, 0x00000000a5800000, 0x00000000e0800000)
  object space 65536K, 7% used [0x00000000a1800000,0x00000000a1c84a28,0x00000000a5800000)
 Metaspace       used 20733K, capacity 21142K, committed 21248K, reserved 1069056K
  class space    used 2361K, capacity 2491K, committed 2560K, reserved 1048576K
Event: 2.425 GC heap after
Heap after GC invocations=3 (full 0):
 PSYoungGen      total 53248K, used 4064K [0x00000000e0800000, 0x00000000e7000000, 0x0000000100000000)
  eden space 49152K, 0% used [0x00000000e0800000,0x00000000e0800000,0x00000000e3800000)
  from space 4096K, 99% used [0x00000000e3800000,0x00000000e3bf8040,0x00000000e3c00000)
  to   space 4096K, 0% used [0x00000000e6c00000,0x00000000e6c00000,0x00000000e7000000)
 ParOldGen       total 65536K, used 25753K [0x00000000a1800000, 0x00000000a5800000, 0x00000000e0800000)
  object space 65536K, 39% used [0x00000000a1800000,0x00000000a3126490,0x00000000a5800000)
 Metaspace       used 20733K, capacity 21142K, committed 21248K, reserved 1069056K
  class space    used 2361K, capacity 2491K, committed 2560K, reserved 1048576K
}
Event: 2.425 GC heap before
{Heap before GC invocations=4 (full 1):
 PSYoungGen      total 53248K, used 4064K [0x00000000e0800000, 0x00000000e7000000, 0x0000000100000000)
  eden space 49152K, 0% used [0x00000000e0800000,0x00000000e0800000,0x00000000e3800000)
  from space 4096K, 99% used [0x00000000e3800000,0x00000000e3bf8040,0x00000000e3c00000)
  to   space 4096K, 0% used [0x00000000e6c00000,0x00000000e6c00000,0x00000000e7000000)
 ParOldGen       total 65536K, used 25753K [0x00000000a1800000, 0x00000000a5800000, 0x00000000e0800000)
  object space 65536K, 39% used [0x00000000a1800000,0x00000000a3126490,0x00000000a5800000)
 Metaspace       used 20733K, capacity 21142K, committed 21248K, reserved 1069056K
  class space    used 2361K, capacity 2491K, committed 2560K, reserved 1048576K
Event: 2.538 GC heap after
Heap after GC invocations=4 (full 1):
 PSYoungGen      total 53248K, used 0K [0x00000000e0800000, 0x00000000e7000000, 0x0000000100000000)
  eden space 49152K, 0% used [0x00000000e0800000,0x00000000e0800000,0x00000000e3800000)
  from space 4096K, 0% used [0x00000000e3800000,0x00000000e3800000,0x00000000e3c00000)
  to   space 4096K, 0% used [0x00000000e6c00000,0x00000000e6c00000,0x00000000e7000000)
 ParOldGen       total 65536K, used 25142K [0x00000000a1800000, 0x00000000a5800000, 0x00000000e0800000)
  object space 65536K, 38% used [0x00000000a1800000,0x00000000a308d840,0x00000000a5800000)
 Metaspace       used 20733K, capacity 21142K, committed 21248K, reserved 1069056K
  class space    used 2361K, capacity 2491K, committed 2560K, reserved 1048576K
}

