# JRE version: OpenJDK Runtime Environment (8.0_242-b01) (build 1.8.0_242-release-1644-b01)
# Java VM: OpenJDK 64-Bit Server VM (25.242-b01 mixed mode windows-amd64 compressed oops)
Heap:
 PSYoungGen      total 75264K, used 12339K [0x00000000d5580000, 0x00000000dc280000, 0x0000000100000000)
  eden space 55808K, 22% used [0x00000000d5580000,0x00000000d618ce80,0x00000000d8c00000)
  from space 19456K, 0% used [0x00000000d8c00000,0x00000000d8c00000,0x00000000d9f00000)
  to   space 21504K, 0% used [0x00000000dad80000,0x00000000dad80000,0x00000000dc280000)
 ParOldGen       total 113152K, used 30450K [0x0000000080000000, 0x0000000086e80000, 0x00000000d5580000)
  object space 113152K, 26% used [0x0000000080000000,0x0000000081dbc980,0x0000000086e80000)
 Metaspace       used 56991K, capacity 59292K, committed 59352K, reserved 1101824K
  class space    used 7476K, capacity 7934K, committed 7936K, reserved 1048576K
GC Heap History (10 events):
Event: 30.057 GC heap before
{Heap before GC invocations=20 (full 2):
 PSYoungGen      total 58880K, used 57460K [0x00000000d5580000, 0x00000000da000000, 0x0000000100000000)
  eden space 48640K, 100% used [0x00000000d5580000,0x00000000d8500000,0x00000000d8500000)
  from space 10240K, 86% used [0x00000000d8500000,0x00000000d8d9d108,0x00000000d8f00000)
  to   space 10752K, 0% used [0x00000000d9580000,0x00000000d9580000,0x00000000da000000)
 ParOldGen       total 79872K, used 15144K [0x0000000080000000, 0x0000000084e00000, 0x00000000d5580000)
  object space 79872K, 18% used [0x0000000080000000,0x0000000080eca1b8,0x0000000084e00000)
 Metaspace       used 44696K, capacity 46778K, committed 46936K, reserved 1089536K
  class space    used 6040K, capacity 6428K, committed 6528K, reserved 1048576K
Event: 30.073 GC heap after
Heap after GC invocations=20 (full 2):
 PSYoungGen      total 63488K, used 10725K [0x00000000d5580000, 0x00000000da380000, 0x0000000100000000)
  eden space 52736K, 0% used [0x00000000d5580000,0x00000000d5580000,0x00000000d8900000)
  from space 10752K, 99% used [0x00000000d9580000,0x00000000d9ff96d0,0x00000000da000000)
  to   space 12800K, 0% used [0x00000000d8900000,0x00000000d8900000,0x00000000d9580000)
 ParOldGen       total 79872K, used 16609K [0x0000000080000000, 0x0000000084e00000, 0x00000000d5580000)
  object space 79872K, 20% used [0x0000000080000000,0x0000000081038598,0x0000000084e00000)
 Metaspace       used 44696K, capacity 46778K, committed 46936K, reserved 1089536K
  class space    used 6040K, capacity 6428K, committed 6528K, reserved 1048576K
}
Event: 32.340 GC heap before
{Heap before GC invocations=21 (full 2):
 PSYoungGen      total 63488K, used 63461K [0x00000000d5580000, 0x00000000da380000, 0x0000000100000000)
  eden space 52736K, 100% used [0x00000000d5580000,0x00000000d8900000,0x00000000d8900000)
  from space 10752K, 99% used [0x00000000d9580000,0x00000000d9ff96d0,0x00000000da000000)
  to   space 12800K, 0% used [0x00000000d8900000,0x00000000d8900000,0x00000000d9580000)
 ParOldGen       total 79872K, used 16609K [0x0000000080000000, 0x0000000084e00000, 0x00000000d5580000)
  object space 79872K, 20% used [0x0000000080000000,0x0000000081038598,0x0000000084e00000)
 Metaspace       used 50235K, capacity 52306K, committed 52440K, reserved 1095680K
  class space    used 6684K, capacity 7128K, committed 7168K, reserved 1048576K
Event: 32.362 GC heap after
Heap after GC invocations=21 (full 2):
 PSYoungGen      total 65536K, used 12772K [0x00000000d5580000, 0x00000000dae80000, 0x0000000100000000)
  eden space 52736K, 0% used [0x00000000d5580000,0x00000000d5580000,0x00000000d8900000)
  from space 12800K, 99% used [0x00000000d8900000,0x00000000d95793c0,0x00000000d9580000)
  to   space 15872K, 0% used [0x00000000d9f00000,0x00000000d9f00000,0x00000000dae80000)
 ParOldGen       total 79872K, used 19961K [0x0000000080000000, 0x0000000084e00000, 0x00000000d5580000)
  object space 79872K, 24% used [0x0000000080000000,0x000000008137e580,0x0000000084e00000)
 Metaspace       used 50235K, capacity 52306K, committed 52440K, reserved 1095680K
  class space    used 6684K, capacity 7128K, committed 7168K, reserved 1048576K
}
Event: 34.326 GC heap before
{Heap before GC invocations=22 (full 2):
 PSYoungGen      total 65536K, used 65508K [0x00000000d5580000, 0x00000000dae80000, 0x0000000100000000)
  eden space 52736K, 100% used [0x00000000d5580000,0x00000000d8900000,0x00000000d8900000)
  from space 12800K, 99% used [0x00000000d8900000,0x00000000d95793c0,0x00000000d9580000)
  to   space 15872K, 0% used [0x00000000d9f00000,0x00000000d9f00000,0x00000000dae80000)
 ParOldGen       total 79872K, used 19961K [0x0000000080000000, 0x0000000084e00000, 0x00000000d5580000)
  object space 79872K, 24% used [0x0000000080000000,0x000000008137e580,0x0000000084e00000)
 Metaspace       used 56197K, capacity 58476K, committed 58840K, reserved 1099776K
  class space    used 7391K, capacity 7833K, committed 7936K, reserved 1048576K
Event: 34.353 GC heap after
Heap after GC invocations=22 (full 2):
 PSYoungGen      total 71680K, used 15857K [0x00000000d5580000, 0x00000000db600000, 0x0000000100000000)
  eden space 55808K, 0% used [0x00000000d5580000,0x00000000d5580000,0x00000000d8c00000)
  from space 15872K, 99% used [0x00000000d9f00000,0x00000000dae7c6b8,0x00000000dae80000)
  to   space 19456K, 0% used [0x00000000d8c00000,0x00000000d8c00000,0x00000000d9f00000)
 ParOldGen       total 79872K, used 23784K [0x0000000080000000, 0x0000000084e00000, 0x00000000d5580000)
  object space 79872K, 29% used [0x0000000080000000,0x000000008173a0a0,0x0000000084e00000)
 Metaspace       used 56197K, capacity 58476K, committed 58840K, reserved 1099776K
  class space    used 7391K, capacity 7833K, committed 7936K, reserved 1048576K
}
Event: 34.581 GC heap before
{Heap before GC invocations=23 (full 2):
 PSYoungGen      total 71680K, used 28634K [0x00000000d5580000, 0x00000000db600000, 0x0000000100000000)
  eden space 55808K, 22% used [0x00000000d5580000,0x00000000d61fa2a8,0x00000000d8c00000)
  from space 15872K, 99% used [0x00000000d9f00000,0x00000000dae7c6b8,0x00000000dae80000)
  to   space 19456K, 0% used [0x00000000d8c00000,0x00000000d8c00000,0x00000000d9f00000)
 ParOldGen       total 79872K, used 23784K [0x0000000080000000, 0x0000000084e00000, 0x00000000d5580000)
  object space 79872K, 29% used [0x0000000080000000,0x000000008173a0a0,0x0000000084e00000)
 Metaspace       used 56696K, capacity 58924K, committed 59028K, reserved 1099776K
  class space    used 7444K, capacity 7897K, committed 7936K, reserved 1048576K
Event: 34.597 GC heap after
Heap after GC invocations=23 (full 2):
 PSYoungGen      total 75264K, used 16655K [0x00000000d5580000, 0x00000000dc280000, 0x0000000100000000)
  eden space 55808K, 0% used [0x00000000d5580000,0x00000000d5580000,0x00000000d8c00000)
  from space 19456K, 85% used [0x00000000d8c00000,0x00000000d9c43e50,0x00000000d9f00000)
  to   space 21504K, 0% used [0x00000000dad80000,0x00000000dad80000,0x00000000dc280000)
 ParOldGen       total 79872K, used 23792K [0x0000000080000000, 0x0000000084e00000, 0x00000000d5580000)
  object space 79872K, 29% used [0x0000000080000000,0x000000008173c0a0,0x0000000084e00000)
 Metaspace       used 56696K, capacity 58924K, committed 59028K, reserved 1099776K
  class space    used 7444K, capacity 7897K, committed 7936K, reserved 1048576K
}
Event: 34.597 GC heap before
{Heap before GC invocations=24 (full 3):
 PSYoungGen      total 75264K, used 16655K [0x00000000d5580000, 0x00000000dc280000, 0x0000000100000000)
  eden space 55808K, 0% used [0x00000000d5580000,0x00000000d5580000,0x00000000d8c00000)
  from space 19456K, 85% used [0x00000000d8c00000,0x00000000d9c43e50,0x00000000d9f00000)
  to   space 21504K, 0% used [0x00000000dad80000,0x00000000dad80000,0x00000000dc280000)
 ParOldGen       total 79872K, used 23792K [0x0000000080000000, 0x0000000084e00000, 0x00000000d5580000)
  object space 79872K, 29% used [0x0000000080000000,0x000000008173c0a0,0x0000000084e00000)
 Metaspace       used 56696K, capacity 58924K, committed 59028K, reserved 1099776K
  class space    used 7444K, capacity 7897K, committed 7936K, reserved 1048576K
Event: 34.890 GC heap after
Heap after GC invocations=24 (full 3):
 PSYoungGen      total 75264K, used 0K [0x00000000d5580000, 0x00000000dc280000, 0x0000000100000000)
  eden space 55808K, 0% used [0x00000000d5580000,0x00000000d5580000,0x00000000d8c00000)
  from space 19456K, 0% used [0x00000000d8c00000,0x00000000d8c00000,0x00000000d9f00000)
  to   space 21504K, 0% used [0x00000000dad80000,0x00000000dad80000,0x00000000dc280000)
 ParOldGen       total 113152K, used 30450K [0x0000000080000000, 0x0000000086e80000, 0x00000000d5580000)
  object space 113152K, 26% used [0x0000000080000000,0x0000000081dbc980,0x0000000086e80000)
 Metaspace       used 56682K, capacity 58900K, committed 59028K, reserved 1099776K
  class space    used 7439K, capacity 7890K, committed 7936K, reserved 1048576K
}

