# JRE version: OpenJDK Runtime Environment (8.0_242-b01) (build 1.8.0_242-release-1644-b01)
# Java VM: OpenJDK 64-Bit Server VM (25.242-b01 mixed mode windows-amd64 compressed oops)
Heap:
 PSYoungGen      total 537600K, used 494991K [0x00000000d5580000, 0x00000000fd980000, 0x0000000100000000)
  eden space 463360K, 97% used [0x00000000d5580000,0x00000000f0f79318,0x00000000f1a00000)
  from space 74240K, 57% used [0x00000000f1a00000,0x00000000f436aa18,0x00000000f6280000)
  to   space 74752K, 0% used [0x00000000f9080000,0x00000000f9080000,0x00000000fd980000)
 ParOldGen       total 272384K, used 174919K [0x0000000080000000, 0x0000000090a00000, 0x00000000d5580000)
  object space 272384K, 64% used [0x0000000080000000,0x000000008aad1ec8,0x0000000090a00000)
 Metaspace       used 105311K, capacity 111558K, committed 111640K, reserved 1146880K
  class space    used 13760K, capacity 14867K, committed 14880K, reserved 1048576K
GC Heap History (10 events):
Event: 72.430 GC heap before
{Heap before GC invocations=19 (full 4):
 PSYoungGen      total 386048K, used 50682K [0x00000000d5580000, 0x00000000fa980000, 0x0000000100000000)
  eden space 335360K, 0% used [0x00000000d5580000,0x00000000d5580000,0x00000000e9d00000)
  from space 50688K, 99% used [0x00000000e9d00000,0x00000000ece7eaa0,0x00000000ece80000)
  to   space 85504K, 0% used [0x00000000f5600000,0x00000000f5600000,0x00000000fa980000)
 ParOldGen       total 152576K, used 152126K [0x0000000080000000, 0x0000000089500000, 0x00000000d5580000)
  object space 152576K, 99% used [0x0000000080000000,0x000000008948fbc8,0x0000000089500000)
 Metaspace       used 83744K, capacity 88062K, committed 88216K, reserved 1124352K
  class space    used 11587K, capacity 12433K, committed 12448K, reserved 1048576K
Event: 74.247 GC heap after
Heap after GC invocations=19 (full 4):
 PSYoungGen      total 386048K, used 22488K [0x00000000d5580000, 0x00000000fa980000, 0x0000000100000000)
  eden space 335360K, 0% used [0x00000000d5580000,0x00000000d5580000,0x00000000e9d00000)
  from space 50688K, 44% used [0x00000000e9d00000,0x00000000eb2f6280,0x00000000ece80000)
  to   space 85504K, 0% used [0x00000000f5600000,0x00000000f5600000,0x00000000fa980000)
 ParOldGen       total 272384K, used 152268K [0x0000000080000000, 0x0000000090a00000, 0x00000000d5580000)
  object space 272384K, 55% used [0x0000000080000000,0x00000000894b33e8,0x0000000090a00000)
 Metaspace       used 83643K, capacity 87784K, committed 88216K, reserved 1124352K
  class space    used 11554K, capacity 12374K, committed 12448K, reserved 1048576K
}
Event: 141.340 GC heap before
{Heap before GC invocations=20 (full 4):
 PSYoungGen      total 386048K, used 357848K [0x00000000d5580000, 0x00000000fa980000, 0x0000000100000000)
  eden space 335360K, 100% used [0x00000000d5580000,0x00000000e9d00000,0x00000000e9d00000)
  from space 50688K, 44% used [0x00000000e9d00000,0x00000000eb2f6280,0x00000000ece80000)
  to   space 85504K, 0% used [0x00000000f5600000,0x00000000f5600000,0x00000000fa980000)
 ParOldGen       total 272384K, used 152268K [0x0000000080000000, 0x0000000090a00000, 0x00000000d5580000)
  object space 272384K, 55% used [0x0000000080000000,0x00000000894b33e8,0x0000000090a00000)
 Metaspace       used 88914K, capacity 93260K, committed 93464K, reserved 1130496K
  class space    used 11991K, capacity 12818K, committed 12832K, reserved 1048576K
Event: 141.481 GC heap after
Heap after GC invocations=20 (full 4):
 PSYoungGen      total 469504K, used 32062K [0x00000000d5580000, 0x00000000f8a00000, 0x0000000100000000)
  eden space 416256K, 0% used [0x00000000d5580000,0x00000000d5580000,0x00000000eec00000)
  from space 53248K, 60% used [0x00000000f5600000,0x00000000f754f9e8,0x00000000f8a00000)
  to   space 80896K, 0% used [0x00000000eec00000,0x00000000eec00000,0x00000000f3b00000)
 ParOldGen       total 272384K, used 174895K [0x0000000080000000, 0x0000000090a00000, 0x00000000d5580000)
  object space 272384K, 64% used [0x0000000080000000,0x000000008aacbec8,0x0000000090a00000)
 Metaspace       used 88914K, capacity 93260K, committed 93464K, reserved 1130496K
  class space    used 11991K, capacity 12818K, committed 12832K, reserved 1048576K
}
Event: 201.570 GC heap before
{Heap before GC invocations=21 (full 4):
 PSYoungGen      total 469504K, used 448318K [0x00000000d5580000, 0x00000000f8a00000, 0x0000000100000000)
  eden space 416256K, 100% used [0x00000000d5580000,0x00000000eec00000,0x00000000eec00000)
  from space 53248K, 60% used [0x00000000f5600000,0x00000000f754f9e8,0x00000000f8a00000)
  to   space 80896K, 0% used [0x00000000eec00000,0x00000000eec00000,0x00000000f3b00000)
 ParOldGen       total 272384K, used 174895K [0x0000000080000000, 0x0000000090a00000, 0x00000000d5580000)
  object space 272384K, 64% used [0x0000000080000000,0x000000008aacbec8,0x0000000090a00000)
 Metaspace       used 92961K, capacity 97710K, committed 97816K, reserved 1134592K
  class space    used 12381K, capacity 13295K, committed 13344K, reserved 1048576K
Event: 201.626 GC heap after
Heap after GC invocations=21 (full 4):
 PSYoungGen      total 497152K, used 36326K [0x00000000d5580000, 0x00000000fbd80000, 0x0000000100000000)
  eden space 416256K, 0% used [0x00000000d5580000,0x00000000d5580000,0x00000000eec00000)
  from space 80896K, 44% used [0x00000000eec00000,0x00000000f0f79a68,0x00000000f3b00000)
  to   space 78848K, 0% used [0x00000000f7080000,0x00000000f7080000,0x00000000fbd80000)
 ParOldGen       total 272384K, used 174903K [0x0000000080000000, 0x0000000090a00000, 0x00000000d5580000)
  object space 272384K, 64% used [0x0000000080000000,0x000000008aacdec8,0x0000000090a00000)
 Metaspace       used 92961K, capacity 97710K, committed 97816K, reserved 1134592K
  class space    used 12381K, capacity 13295K, committed 13344K, reserved 1048576K
}
Event: 326.356 GC heap before
{Heap before GC invocations=22 (full 4):
 PSYoungGen      total 497152K, used 452582K [0x00000000d5580000, 0x00000000fbd80000, 0x0000000100000000)
  eden space 416256K, 100% used [0x00000000d5580000,0x00000000eec00000,0x00000000eec00000)
  from space 80896K, 44% used [0x00000000eec00000,0x00000000f0f79a68,0x00000000f3b00000)
  to   space 78848K, 0% used [0x00000000f7080000,0x00000000f7080000,0x00000000fbd80000)
 ParOldGen       total 272384K, used 174903K [0x0000000080000000, 0x0000000090a00000, 0x00000000d5580000)
  object space 272384K, 64% used [0x0000000080000000,0x000000008aacdec8,0x0000000090a00000)
 Metaspace       used 99252K, capacity 104516K, committed 104856K, reserved 1140736K
  class space    used 13133K, capacity 14124K, committed 14240K, reserved 1048576K
Event: 326.434 GC heap after
Heap after GC invocations=22 (full 4):
 PSYoungGen      total 523264K, used 31246K [0x00000000d5580000, 0x00000000fab00000, 0x0000000100000000)
  eden space 463360K, 0% used [0x00000000d5580000,0x00000000d5580000,0x00000000f1a00000)
  from space 59904K, 52% used [0x00000000f7080000,0x00000000f8f03928,0x00000000fab00000)
  to   space 74240K, 0% used [0x00000000f1a00000,0x00000000f1a00000,0x00000000f6280000)
 ParOldGen       total 272384K, used 174911K [0x0000000080000000, 0x0000000090a00000, 0x00000000d5580000)
  object space 272384K, 64% used [0x0000000080000000,0x000000008aacfec8,0x0000000090a00000)
 Metaspace       used 99252K, capacity 104516K, committed 104856K, reserved 1140736K
  class space    used 13133K, capacity 14124K, committed 14240K, reserved 1048576K
}
Event: 376.574 GC heap before
{Heap before GC invocations=23 (full 4):
 PSYoungGen      total 523264K, used 494606K [0x00000000d5580000, 0x00000000fab00000, 0x0000000100000000)
  eden space 463360K, 100% used [0x00000000d5580000,0x00000000f1a00000,0x00000000f1a00000)
  from space 59904K, 52% used [0x00000000f7080000,0x00000000f8f03928,0x00000000fab00000)
  to   space 74240K, 0% used [0x00000000f1a00000,0x00000000f1a00000,0x00000000f6280000)
 ParOldGen       total 272384K, used 174911K [0x0000000080000000, 0x0000000090a00000, 0x00000000d5580000)
  object space 272384K, 64% used [0x0000000080000000,0x000000008aacfec8,0x0000000090a00000)
 Metaspace       used 104161K, capacity 110264K, committed 110488K, reserved 1144832K
  class space    used 13636K, capacity 14748K, committed 14752K, reserved 1048576K
Event: 376.776 GC heap after
Heap after GC invocations=23 (full 4):
 PSYoungGen      total 537600K, used 42410K [0x00000000d5580000, 0x00000000fd980000, 0x0000000100000000)
  eden space 463360K, 0% used [0x00000000d5580000,0x00000000d5580000,0x00000000f1a00000)
  from space 74240K, 57% used [0x00000000f1a00000,0x00000000f436aa18,0x00000000f6280000)
  to   space 74752K, 0% used [0x00000000f9080000,0x00000000f9080000,0x00000000fd980000)
 ParOldGen       total 272384K, used 174919K [0x0000000080000000, 0x0000000090a00000, 0x00000000d5580000)
  object space 272384K, 64% used [0x0000000080000000,0x000000008aad1ec8,0x0000000090a00000)
 Metaspace       used 104161K, capacity 110264K, committed 110488K, reserved 1144832K
  class space    used 13636K, capacity 14748K, committed 14752K, reserved 1048576K
}

