# JRE version: OpenJDK Runtime Environment (8.0_242-b01) (build 1.8.0_242-release-1644-b01)
# Java VM: OpenJDK 64-Bit Server VM (25.242-b01 mixed mode windows-amd64 compressed oops)
Heap:
 PSYoungGen      total 499200K, used 446898K [0x00000000d5580000, 0x00000000f7980000, 0x0000000100000000)
  eden space 454144K, 90% used [0x00000000d5580000,0x00000000ee84b030,0x00000000f1100000)
  from space 45056K, 76% used [0x00000000f4100000,0x00000000f62a1b38,0x00000000f6d00000)
  to   space 49152K, 0% used [0x00000000f1100000,0x00000000f1100000,0x00000000f4100000)
 ParOldGen       total 188928K, used 70459K [0x0000000080000000, 0x000000008b880000, 0x00000000d5580000)
  object space 188928K, 37% used [0x0000000080000000,0x00000000844cee48,0x000000008b880000)
 Metaspace       used 101596K, capacity 107938K, committed 108236K, reserved 1142784K
  class space    used 13526K, capacity 14718K, committed 14848K, reserved 1048576K
GC Heap History (10 events):
Event: 41.523 GC heap before
{Heap before GC invocations=14 (full 3):
 PSYoungGen      total 313856K, used 313726K [0x00000000d5580000, 0x00000000ea680000, 0x0000000100000000)
  eden space 290304K, 100% used [0x00000000d5580000,0x00000000e7100000,0x00000000e7100000)
  from space 23552K, 99% used [0x00000000e8f80000,0x00000000ea65f928,0x00000000ea680000)
  to   space 27136K, 0% used [0x00000000e7180000,0x00000000e7180000,0x00000000e8c00000)
 ParOldGen       total 119808K, used 38363K [0x0000000080000000, 0x0000000087500000, 0x00000000d5580000)
  object space 119808K, 32% used [0x0000000080000000,0x0000000082576c10,0x0000000087500000)
 Metaspace       used 81832K, capacity 85814K, committed 86104K, reserved 1124352K
  class space    used 11024K, capacity 11816K, committed 11904K, reserved 1048576K
Event: 42.084 GC heap after
Heap after GC invocations=14 (full 3):
 PSYoungGen      total 317952K, used 27113K [0x00000000d5580000, 0x00000000f0500000, 0x0000000100000000)
  eden space 290816K, 0% used [0x00000000d5580000,0x00000000d5580000,0x00000000e7180000)
  from space 27136K, 99% used [0x00000000e7180000,0x00000000e8bfa7c0,0x00000000e8c00000)
  to   space 35328K, 0% used [0x00000000ee280000,0x00000000ee280000,0x00000000f0500000)
 ParOldGen       total 119808K, used 49238K [0x0000000080000000, 0x0000000087500000, 0x00000000d5580000)
  object space 119808K, 41% used [0x0000000080000000,0x0000000083015b70,0x0000000087500000)
 Metaspace       used 81832K, capacity 85814K, committed 86104K, reserved 1124352K
  class space    used 11024K, capacity 11816K, committed 11904K, reserved 1048576K
}
Event: 100.153 GC heap before
{Heap before GC invocations=15 (full 3):
 PSYoungGen      total 317952K, used 317929K [0x00000000d5580000, 0x00000000f0500000, 0x0000000100000000)
  eden space 290816K, 100% used [0x00000000d5580000,0x00000000e7180000,0x00000000e7180000)
  from space 27136K, 99% used [0x00000000e7180000,0x00000000e8bfa7c0,0x00000000e8c00000)
  to   space 35328K, 0% used [0x00000000ee280000,0x00000000ee280000,0x00000000f0500000)
 ParOldGen       total 119808K, used 49238K [0x0000000080000000, 0x0000000087500000, 0x00000000d5580000)
  object space 119808K, 41% used [0x0000000080000000,0x0000000083015b70,0x0000000087500000)
 Metaspace       used 92726K, capacity 97514K, committed 97752K, reserved 1134592K
  class space    used 12303K, capacity 13296K, committed 13312K, reserved 1048576K
Event: 100.635 GC heap after
Heap after GC invocations=15 (full 3):
 PSYoungGen      total 395776K, used 35316K [0x00000000d5580000, 0x00000000f1280000, 0x0000000100000000)
  eden space 360448K, 0% used [0x00000000d5580000,0x00000000d5580000,0x00000000eb580000)
  from space 35328K, 99% used [0x00000000ee280000,0x00000000f04fd3a8,0x00000000f0500000)
  to   space 46080K, 0% used [0x00000000eb580000,0x00000000eb580000,0x00000000ee280000)
 ParOldGen       total 119808K, used 63345K [0x0000000080000000, 0x0000000087500000, 0x00000000d5580000)
  object space 119808K, 52% used [0x0000000080000000,0x0000000083ddc440,0x0000000087500000)
 Metaspace       used 92726K, capacity 97514K, committed 97752K, reserved 1134592K
  class space    used 12303K, capacity 13296K, committed 13312K, reserved 1048576K
}
Event: 102.244 GC heap before
{Heap before GC invocations=16 (full 3):
 PSYoungGen      total 395776K, used 114404K [0x00000000d5580000, 0x00000000f1280000, 0x0000000100000000)
  eden space 360448K, 21% used [0x00000000d5580000,0x00000000da2bbed0,0x00000000eb580000)
  from space 35328K, 99% used [0x00000000ee280000,0x00000000f04fd3a8,0x00000000f0500000)
  to   space 46080K, 0% used [0x00000000eb580000,0x00000000eb580000,0x00000000ee280000)
 ParOldGen       total 119808K, used 63345K [0x0000000080000000, 0x0000000087500000, 0x00000000d5580000)
  object space 119808K, 52% used [0x0000000080000000,0x0000000083ddc440,0x0000000087500000)
 Metaspace       used 93440K, capacity 98324K, committed 98380K, reserved 1134592K
  class space    used 12412K, capacity 13433K, committed 13440K, reserved 1048576K
Event: 102.295 GC heap after
Heap after GC invocations=16 (full 3):
 PSYoungGen      total 406528K, used 7224K [0x00000000d5580000, 0x00000000f6d00000, 0x0000000100000000)
  eden space 360448K, 0% used [0x00000000d5580000,0x00000000d5580000,0x00000000eb580000)
  from space 46080K, 15% used [0x00000000eb580000,0x00000000ebc8e0b8,0x00000000ee280000)
  to   space 45056K, 0% used [0x00000000f4100000,0x00000000f4100000,0x00000000f6d00000)
 ParOldGen       total 119808K, used 91929K [0x0000000080000000, 0x0000000087500000, 0x00000000d5580000)
  object space 119808K, 76% used [0x0000000080000000,0x00000000859c64c8,0x0000000087500000)
 Metaspace       used 93440K, capacity 98324K, committed 98380K, reserved 1134592K
  class space    used 12412K, capacity 13433K, committed 13440K, reserved 1048576K
}
Event: 102.295 GC heap before
{Heap before GC invocations=17 (full 4):
 PSYoungGen      total 406528K, used 7224K [0x00000000d5580000, 0x00000000f6d00000, 0x0000000100000000)
  eden space 360448K, 0% used [0x00000000d5580000,0x00000000d5580000,0x00000000eb580000)
  from space 46080K, 15% used [0x00000000eb580000,0x00000000ebc8e0b8,0x00000000ee280000)
  to   space 45056K, 0% used [0x00000000f4100000,0x00000000f4100000,0x00000000f6d00000)
 ParOldGen       total 119808K, used 91929K [0x0000000080000000, 0x0000000087500000, 0x00000000d5580000)
  object space 119808K, 76% used [0x0000000080000000,0x00000000859c64c8,0x0000000087500000)
 Metaspace       used 93440K, capacity 98324K, committed 98380K, reserved 1134592K
  class space    used 12412K, capacity 13433K, committed 13440K, reserved 1048576K
Event: 103.330 GC heap after
Heap after GC invocations=17 (full 4):
 PSYoungGen      total 406528K, used 0K [0x00000000d5580000, 0x00000000f6d00000, 0x0000000100000000)
  eden space 360448K, 0% used [0x00000000d5580000,0x00000000d5580000,0x00000000eb580000)
  from space 46080K, 0% used [0x00000000eb580000,0x00000000eb580000,0x00000000ee280000)
  to   space 45056K, 0% used [0x00000000f4100000,0x00000000f4100000,0x00000000f6d00000)
 ParOldGen       total 188928K, used 70227K [0x0000000080000000, 0x000000008b880000, 0x00000000d5580000)
  object space 188928K, 37% used [0x0000000080000000,0x0000000084494db8,0x000000008b880000)
 Metaspace       used 93293K, capacity 97858K, committed 98380K, reserved 1134592K
  class space    used 12365K, capacity 13326K, committed 13440K, reserved 1048576K
}
Event: 111.589 GC heap before
{Heap before GC invocations=18 (full 4):
 PSYoungGen      total 406528K, used 360448K [0x00000000d5580000, 0x00000000f6d00000, 0x0000000100000000)
  eden space 360448K, 100% used [0x00000000d5580000,0x00000000eb580000,0x00000000eb580000)
  from space 46080K, 0% used [0x00000000eb580000,0x00000000eb580000,0x00000000ee280000)
  to   space 45056K, 0% used [0x00000000f4100000,0x00000000f4100000,0x00000000f6d00000)
 ParOldGen       total 188928K, used 70443K [0x0000000080000000, 0x000000008b880000, 0x00000000d5580000)
  object space 188928K, 37% used [0x0000000080000000,0x00000000844cae48,0x000000008b880000)
 Metaspace       used 101245K, capacity 107584K, committed 107852K, reserved 1142784K
  class space    used 13486K, capacity 14673K, committed 14720K, reserved 1048576K
Event: 111.753 GC heap after
Heap after GC invocations=18 (full 4):
 PSYoungGen      total 499200K, used 34438K [0x00000000d5580000, 0x00000000f7980000, 0x0000000100000000)
  eden space 454144K, 0% used [0x00000000d5580000,0x00000000d5580000,0x00000000f1100000)
  from space 45056K, 76% used [0x00000000f4100000,0x00000000f62a1b38,0x00000000f6d00000)
  to   space 49152K, 0% used [0x00000000f1100000,0x00000000f1100000,0x00000000f4100000)
 ParOldGen       total 188928K, used 70459K [0x0000000080000000, 0x000000008b880000, 0x00000000d5580000)
  object space 188928K, 37% used [0x0000000080000000,0x00000000844cee48,0x000000008b880000)
 Metaspace       used 101245K, capacity 107584K, committed 107852K, reserved 1142784K
  class space    used 13486K, capacity 14673K, committed 14720K, reserved 1048576K
}

