# JRE version: OpenJDK Runtime Environment (8.0_242-b01) (build 1.8.0_242-release-1644-b01)
# Java VM: OpenJDK 64-Bit Server VM (25.242-b01 mixed mode windows-amd64 compressed oops)
Heap:
 PSYoungGen      total 53248K, used 9518K [0x00000000e0800000, 0x00000000e4000000, 0x0000000100000000)
  eden space 49152K, 11% used [0x00000000e0800000,0x00000000e0d4e278,0x00000000e3800000)
  from space 4096K, 99% used [0x00000000e3800000,0x00000000e3bfd908,0x00000000e3c00000)
  to   space 4096K, 0% used [0x00000000e3c00000,0x00000000e3c00000,0x00000000e4000000)
 ParOldGen       total 74752K, used 27520K [0x00000000a1800000, 0x00000000a6100000, 0x00000000e0800000)
  object space 74752K, 36% used [0x00000000a1800000,0x00000000a32e0180,0x00000000a6100000)
 Metaspace       used 28345K, capacity 28882K, committed 29184K, reserved 1075200K
  class space    used 3596K, capacity 3765K, committed 3840K, reserved 1048576K
GC Heap History (10 events):
Event: 1.257 GC heap before
{Heap before GC invocations=2 (full 0):
 PSYoungGen      total 28672K, used 28655K [0x00000000e0800000, 0x00000000e2800000, 0x0000000100000000)
  eden space 24576K, 100% used [0x00000000e0800000,0x00000000e2000000,0x00000000e2000000)
  from space 4096K, 99% used [0x00000000e2000000,0x00000000e23fbca8,0x00000000e2400000)
  to   space 4096K, 0% used [0x00000000e2400000,0x00000000e2400000,0x00000000e2800000)
 ParOldGen       total 65536K, used 1468K [0x00000000a1800000, 0x00000000a5800000, 0x00000000e0800000)
  object space 65536K, 2% used [0x00000000a1800000,0x00000000a196f010,0x00000000a5800000)
 Metaspace       used 12076K, capacity 12314K, committed 12416K, reserved 1060864K
  class space    used 1305K, capacity 1387K, committed 1408K, reserved 1048576K
Event: 1.267 GC heap after
Heap after GC invocations=2 (full 0):
 PSYoungGen      total 28672K, used 4080K [0x00000000e0800000, 0x00000000e4000000, 0x0000000100000000)
  eden space 24576K, 0% used [0x00000000e0800000,0x00000000e0800000,0x00000000e2000000)
  from space 4096K, 99% used [0x00000000e2400000,0x00000000e27fc2f8,0x00000000e2800000)
  to   space 4096K, 0% used [0x00000000e2000000,0x00000000e2000000,0x00000000e2400000)
 ParOldGen       total 65536K, used 4642K [0x00000000a1800000, 0x00000000a5800000, 0x00000000e0800000)
  object space 65536K, 7% used [0x00000000a1800000,0x00000000a1c88aa8,0x00000000a5800000)
 Metaspace       used 12076K, capacity 12314K, committed 12416K, reserved 1060864K
  class space    used 1305K, capacity 1387K, committed 1408K, reserved 1048576K
}
Event: 1.840 GC heap before
{Heap before GC invocations=3 (full 0):
 PSYoungGen      total 28672K, used 28656K [0x00000000e0800000, 0x00000000e4000000, 0x0000000100000000)
  eden space 24576K, 100% used [0x00000000e0800000,0x00000000e2000000,0x00000000e2000000)
  from space 4096K, 99% used [0x00000000e2400000,0x00000000e27fc2f8,0x00000000e2800000)
  to   space 4096K, 0% used [0x00000000e2000000,0x00000000e2000000,0x00000000e2400000)
 ParOldGen       total 65536K, used 4642K [0x00000000a1800000, 0x00000000a5800000, 0x00000000e0800000)
  object space 65536K, 7% used [0x00000000a1800000,0x00000000a1c88aa8,0x00000000a5800000)
 Metaspace       used 18454K, capacity 18844K, committed 18944K, reserved 1067008K
  class space    used 2115K, capacity 2220K, committed 2304K, reserved 1048576K
Event: 1.851 GC heap after
Heap after GC invocations=3 (full 0):
 PSYoungGen      total 28672K, used 4080K [0x00000000e0800000, 0x00000000e4000000, 0x0000000100000000)
  eden space 24576K, 0% used [0x00000000e0800000,0x00000000e0800000,0x00000000e2000000)
  from space 4096K, 99% used [0x00000000e2000000,0x00000000e23fc010,0x00000000e2400000)
  to   space 4096K, 0% used [0x00000000e3c00000,0x00000000e3c00000,0x00000000e4000000)
 ParOldGen       total 65536K, used 10511K [0x00000000a1800000, 0x00000000a5800000, 0x00000000e0800000)
  object space 65536K, 16% used [0x00000000a1800000,0x00000000a2243f50,0x00000000a5800000)
 Metaspace       used 18454K, capacity 18844K, committed 18944K, reserved 1067008K
  class space    used 2115K, capacity 2220K, committed 2304K, reserved 1048576K
}
Event: 2.159 GC heap before
{Heap before GC invocations=4 (full 0):
 PSYoungGen      total 28672K, used 27488K [0x00000000e0800000, 0x00000000e4000000, 0x0000000100000000)
  eden space 24576K, 95% used [0x00000000e0800000,0x00000000e1edc040,0x00000000e2000000)
  from space 4096K, 99% used [0x00000000e2000000,0x00000000e23fc010,0x00000000e2400000)
  to   space 4096K, 0% used [0x00000000e3c00000,0x00000000e3c00000,0x00000000e4000000)
 ParOldGen       total 65536K, used 10511K [0x00000000a1800000, 0x00000000a5800000, 0x00000000e0800000)
  object space 65536K, 16% used [0x00000000a1800000,0x00000000a2243f50,0x00000000a5800000)
 Metaspace       used 20738K, capacity 21142K, committed 21248K, reserved 1069056K
  class space    used 2363K, capacity 2491K, committed 2560K, reserved 1048576K
Event: 2.207 GC heap after
Heap after GC invocations=4 (full 0):
 PSYoungGen      total 53248K, used 4064K [0x00000000e0800000, 0x00000000e4000000, 0x0000000100000000)
  eden space 49152K, 0% used [0x00000000e0800000,0x00000000e0800000,0x00000000e3800000)
  from space 4096K, 99% used [0x00000000e3c00000,0x00000000e3ff8040,0x00000000e4000000)
  to   space 4096K, 0% used [0x00000000e3800000,0x00000000e3800000,0x00000000e3c00000)
 ParOldGen       total 65536K, used 25772K [0x00000000a1800000, 0x00000000a5800000, 0x00000000e0800000)
  object space 65536K, 39% used [0x00000000a1800000,0x00000000a312b000,0x00000000a5800000)
 Metaspace       used 20738K, capacity 21142K, committed 21248K, reserved 1069056K
  class space    used 2363K, capacity 2491K, committed 2560K, reserved 1048576K
}
Event: 2.207 GC heap before
{Heap before GC invocations=5 (full 1):
 PSYoungGen      total 53248K, used 4064K [0x00000000e0800000, 0x00000000e4000000, 0x0000000100000000)
  eden space 49152K, 0% used [0x00000000e0800000,0x00000000e0800000,0x00000000e3800000)
  from space 4096K, 99% used [0x00000000e3c00000,0x00000000e3ff8040,0x00000000e4000000)
  to   space 4096K, 0% used [0x00000000e3800000,0x00000000e3800000,0x00000000e3c00000)
 ParOldGen       total 65536K, used 25772K [0x00000000a1800000, 0x00000000a5800000, 0x00000000e0800000)
  object space 65536K, 39% used [0x00000000a1800000,0x00000000a312b000,0x00000000a5800000)
 Metaspace       used 20738K, capacity 21142K, committed 21248K, reserved 1069056K
  class space    used 2363K, capacity 2491K, committed 2560K, reserved 1048576K
Event: 2.331 GC heap after
Heap after GC invocations=5 (full 1):
 PSYoungGen      total 53248K, used 0K [0x00000000e0800000, 0x00000000e4000000, 0x0000000100000000)
  eden space 49152K, 0% used [0x00000000e0800000,0x00000000e0800000,0x00000000e3800000)
  from space 4096K, 0% used [0x00000000e3c00000,0x00000000e3c00000,0x00000000e4000000)
  to   space 4096K, 0% used [0x00000000e3800000,0x00000000e3800000,0x00000000e3c00000)
 ParOldGen       total 74752K, used 20727K [0x00000000a1800000, 0x00000000a6100000, 0x00000000e0800000)
  object space 74752K, 27% used [0x00000000a1800000,0x00000000a2c3dd70,0x00000000a6100000)
 Metaspace       used 20738K, capacity 21142K, committed 21248K, reserved 1069056K
  class space    used 2363K, capacity 2491K, committed 2560K, reserved 1048576K
}
Event: 3.885 GC heap before
{Heap before GC invocations=6 (full 1):
 PSYoungGen      total 53248K, used 49152K [0x00000000e0800000, 0x00000000e4000000, 0x0000000100000000)
  eden space 49152K, 100% used [0x00000000e0800000,0x00000000e3800000,0x00000000e3800000)
  from space 4096K, 0% used [0x00000000e3c00000,0x00000000e3c00000,0x00000000e4000000)
  to   space 4096K, 0% used [0x00000000e3800000,0x00000000e3800000,0x00000000e3c00000)
 ParOldGen       total 74752K, used 20727K [0x00000000a1800000, 0x00000000a6100000, 0x00000000e0800000)
  object space 74752K, 27% used [0x00000000a1800000,0x00000000a2c3dd70,0x00000000a6100000)
 Metaspace       used 27790K, capacity 28390K, committed 28672K, reserved 1075200K
  class space    used 3538K, capacity 3731K, committed 3840K, reserved 1048576K
Event: 3.901 GC heap after
Heap after GC invocations=6 (full 1):
 PSYoungGen      total 53248K, used 4086K [0x00000000e0800000, 0x00000000e4000000, 0x0000000100000000)
  eden space 49152K, 0% used [0x00000000e0800000,0x00000000e0800000,0x00000000e3800000)
  from space 4096K, 99% used [0x00000000e3800000,0x00000000e3bfd908,0x00000000e3c00000)
  to   space 4096K, 0% used [0x00000000e3c00000,0x00000000e3c00000,0x00000000e4000000)
 ParOldGen       total 74752K, used 27520K [0x00000000a1800000, 0x00000000a6100000, 0x00000000e0800000)
  object space 74752K, 36% used [0x00000000a1800000,0x00000000a32e0180,0x00000000a6100000)
 Metaspace       used 27790K, capacity 28390K, committed 28672K, reserved 1075200K
  class space    used 3538K, capacity 3731K, committed 3840K, reserved 1048576K
}

