# JRE version: OpenJDK Runtime Environment (8.0_242-b01) (build 1.8.0_242-release-1644-b01)
# Java VM: OpenJDK 64-Bit Server VM (25.242-b01 mixed mode windows-amd64 compressed oops)
Heap:
 PSYoungGen      total 377344K, used 212517K [0x00000000d5580000, 0x00000000ef400000, 0x0000000100000000)
  eden space 341504K, 62% used [0x00000000d5580000,0x00000000e2509570,0x00000000ea300000)
  from space 35840K, 0% used [0x00000000ea300000,0x00000000ea300000,0x00000000ec600000)
  to   space 27648K, 0% used [0x00000000ec600000,0x00000000ec600000,0x00000000ee100000)
 ParOldGen       total 108032K, used 89871K [0x0000000080000000, 0x0000000086980000, 0x00000000d5580000)
  object space 108032K, 83% used [0x0000000080000000,0x00000000857c3ed8,0x0000000086980000)
 Metaspace       used 100184K, capacity 105136K, committed 105368K, reserved 1140736K
  class space    used 13233K, capacity 14202K, committed 14256K, reserved 1048576K
GC Heap History (10 events):
Event: 31.532 GC heap before
{Heap before GC invocations=15 (full 3):
 PSYoungGen      total 258560K, used 242688K [0x00000000d5580000, 0x00000000eb100000, 0x0000000100000000)
  eden space 242688K, 100% used [0x00000000d5580000,0x00000000e4280000,0x00000000e4280000)
  from space 15872K, 0% used [0x00000000e4280000,0x00000000e4280000,0x00000000e5200000)
  to   space 22528K, 0% used [0x00000000e9b00000,0x00000000e9b00000,0x00000000eb100000)
 ParOldGen       total 108032K, used 40045K [0x0000000080000000, 0x0000000086980000, 0x00000000d5580000)
  object space 108032K, 37% used [0x0000000080000000,0x000000008271b578,0x0000000086980000)
 Metaspace       used 69610K, capacity 72778K, committed 72984K, reserved 1112064K
  class space    used 9347K, capacity 9942K, committed 10032K, reserved 1048576K
Event: 31.564 GC heap after
Heap after GC invocations=15 (full 3):
 PSYoungGen      total 316416K, used 21048K [0x00000000d5580000, 0x00000000eb000000, 0x0000000100000000)
  eden space 294912K, 0% used [0x00000000d5580000,0x00000000d5580000,0x00000000e7580000)
  from space 21504K, 97% used [0x00000000e9b00000,0x00000000eaf8e2b8,0x00000000eb000000)
  to   space 25600K, 0% used [0x00000000e7e00000,0x00000000e7e00000,0x00000000e9700000)
 ParOldGen       total 108032K, used 40053K [0x0000000080000000, 0x0000000086980000, 0x00000000d5580000)
  object space 108032K, 37% used [0x0000000080000000,0x000000008271d578,0x0000000086980000)
 Metaspace       used 69610K, capacity 72778K, committed 72984K, reserved 1112064K
  class space    used 9347K, capacity 9942K, committed 10032K, reserved 1048576K
}
Event: 40.127 GC heap before
{Heap before GC invocations=16 (full 3):
 PSYoungGen      total 316416K, used 315960K [0x00000000d5580000, 0x00000000eb000000, 0x0000000100000000)
  eden space 294912K, 100% used [0x00000000d5580000,0x00000000e7580000,0x00000000e7580000)
  from space 21504K, 97% used [0x00000000e9b00000,0x00000000eaf8e2b8,0x00000000eb000000)
  to   space 25600K, 0% used [0x00000000e7e00000,0x00000000e7e00000,0x00000000e9700000)
 ParOldGen       total 108032K, used 40053K [0x0000000080000000, 0x0000000086980000, 0x00000000d5580000)
  object space 108032K, 37% used [0x0000000080000000,0x000000008271d578,0x0000000086980000)
 Metaspace       used 75350K, capacity 78688K, committed 79000K, reserved 1118208K
  class space    used 9904K, capacity 10571K, committed 10672K, reserved 1048576K
Event: 40.157 GC heap after
Heap after GC invocations=16 (full 3):
 PSYoungGen      total 329216K, used 20468K [0x00000000d5580000, 0x00000000ee100000, 0x0000000100000000)
  eden space 303616K, 0% used [0x00000000d5580000,0x00000000d5580000,0x00000000e7e00000)
  from space 25600K, 79% used [0x00000000e7e00000,0x00000000e91fd130,0x00000000e9700000)
  to   space 27648K, 0% used [0x00000000ec600000,0x00000000ec600000,0x00000000ee100000)
 ParOldGen       total 108032K, used 40069K [0x0000000080000000, 0x0000000086980000, 0x00000000d5580000)
  object space 108032K, 37% used [0x0000000080000000,0x0000000082721578,0x0000000086980000)
 Metaspace       used 75350K, capacity 78688K, committed 79000K, reserved 1118208K
  class space    used 9904K, capacity 10571K, committed 10672K, reserved 1048576K
}
Event: 54.726 GC heap before
{Heap before GC invocations=17 (full 3):
 PSYoungGen      total 329216K, used 323847K [0x00000000d5580000, 0x00000000ee100000, 0x0000000100000000)
  eden space 303616K, 99% used [0x00000000d5580000,0x00000000e7dc4e58,0x00000000e7e00000)
  from space 25600K, 79% used [0x00000000e7e00000,0x00000000e91fd130,0x00000000e9700000)
  to   space 27648K, 0% used [0x00000000ec600000,0x00000000ec600000,0x00000000ee100000)
 ParOldGen       total 108032K, used 40069K [0x0000000080000000, 0x0000000086980000, 0x00000000d5580000)
  object space 108032K, 37% used [0x0000000080000000,0x0000000082721578,0x0000000086980000)
 Metaspace       used 87798K, capacity 91574K, committed 91800K, reserved 1128448K
  class space    used 11487K, capacity 12184K, committed 12208K, reserved 1048576K
Event: 54.784 GC heap after
Heap after GC invocations=17 (full 3):
 PSYoungGen      total 369152K, used 27636K [0x00000000d5580000, 0x00000000ef400000, 0x0000000100000000)
  eden space 341504K, 0% used [0x00000000d5580000,0x00000000d5580000,0x00000000ea300000)
  from space 27648K, 99% used [0x00000000ec600000,0x00000000ee0fd318,0x00000000ee100000)
  to   space 35840K, 0% used [0x00000000ea300000,0x00000000ea300000,0x00000000ec600000)
 ParOldGen       total 108032K, used 49896K [0x0000000080000000, 0x0000000086980000, 0x00000000d5580000)
  object space 108032K, 46% used [0x0000000080000000,0x00000000830ba1d8,0x0000000086980000)
 Metaspace       used 87798K, capacity 91574K, committed 91800K, reserved 1128448K
  class space    used 11487K, capacity 12184K, committed 12208K, reserved 1048576K
}
Event: 59.335 GC heap before
{Heap before GC invocations=18 (full 3):
 PSYoungGen      total 369152K, used 220447K [0x00000000d5580000, 0x00000000ef400000, 0x0000000100000000)
  eden space 341504K, 56% used [0x00000000d5580000,0x00000000e11cac60,0x00000000ea300000)
  from space 27648K, 99% used [0x00000000ec600000,0x00000000ee0fd318,0x00000000ee100000)
  to   space 35840K, 0% used [0x00000000ea300000,0x00000000ea300000,0x00000000ec600000)
 ParOldGen       total 108032K, used 49896K [0x0000000080000000, 0x0000000086980000, 0x00000000d5580000)
  object space 108032K, 46% used [0x0000000080000000,0x00000000830ba1d8,0x0000000086980000)
 Metaspace       used 94173K, capacity 98552K, committed 98600K, reserved 1134592K
  class space    used 12374K, capacity 13196K, committed 13232K, reserved 1048576K
Event: 59.419 GC heap after
Heap after GC invocations=18 (full 3):
 PSYoungGen      total 377344K, used 35833K [0x00000000d5580000, 0x00000000ef400000, 0x0000000100000000)
  eden space 341504K, 0% used [0x00000000d5580000,0x00000000d5580000,0x00000000ea300000)
  from space 35840K, 99% used [0x00000000ea300000,0x00000000ec5fe7a8,0x00000000ec600000)
  to   space 27648K, 0% used [0x00000000ec600000,0x00000000ec600000,0x00000000ee100000)
 ParOldGen       total 108032K, used 73824K [0x0000000080000000, 0x0000000086980000, 0x00000000d5580000)
  object space 108032K, 68% used [0x0000000080000000,0x0000000084818338,0x0000000086980000)
 Metaspace       used 94173K, capacity 98552K, committed 98600K, reserved 1134592K
  class space    used 12374K, capacity 13196K, committed 13232K, reserved 1048576K
}
Event: 59.419 GC heap before
{Heap before GC invocations=19 (full 4):
 PSYoungGen      total 377344K, used 35833K [0x00000000d5580000, 0x00000000ef400000, 0x0000000100000000)
  eden space 341504K, 0% used [0x00000000d5580000,0x00000000d5580000,0x00000000ea300000)
  from space 35840K, 99% used [0x00000000ea300000,0x00000000ec5fe7a8,0x00000000ec600000)
  to   space 27648K, 0% used [0x00000000ec600000,0x00000000ec600000,0x00000000ee100000)
 ParOldGen       total 108032K, used 73824K [0x0000000080000000, 0x0000000086980000, 0x00000000d5580000)
  object space 108032K, 68% used [0x0000000080000000,0x0000000084818338,0x0000000086980000)
 Metaspace       used 94173K, capacity 98552K, committed 98600K, reserved 1134592K
  class space    used 12374K, capacity 13196K, committed 13232K, reserved 1048576K
Event: 59.926 GC heap after
Heap after GC invocations=19 (full 4):
 PSYoungGen      total 377344K, used 0K [0x00000000d5580000, 0x00000000ef400000, 0x0000000100000000)
  eden space 341504K, 0% used [0x00000000d5580000,0x00000000d5580000,0x00000000ea300000)
  from space 35840K, 0% used [0x00000000ea300000,0x00000000ea300000,0x00000000ec600000)
  to   space 27648K, 0% used [0x00000000ec600000,0x00000000ec600000,0x00000000ee100000)
 ParOldGen       total 108032K, used 89871K [0x0000000080000000, 0x0000000086980000, 0x00000000d5580000)
  object space 108032K, 83% used [0x0000000080000000,0x00000000857c3ed8,0x0000000086980000)
 Metaspace       used 93713K, capacity 97650K, committed 98600K, reserved 1134592K
  class space    used 12283K, capacity 13035K, committed 13232K, reserved 1048576K
}

